<?xml version="1.0" encoding="UTF-8"?>
<testsuites name="jest tests" tests="9" failures="0" errors="0" time="0.422">
  <testsuite name="Product Model" errors="0" failures="0" skipped="0" timestamp="2025-08-04T23:20:54" time="0.406" tests="9">
    <testcase classname="Product Model Basic Product Creation should create a product with all required fields" name="Product Model Basic Product Creation should create a product with all required fields" time="0.011">
    </testcase>
    <testcase classname="Product Model Basic Product Creation should auto-generate referenceKey from slug when cross-site integration is enabled" name="Product Model Basic Product Creation should auto-generate referenceKey from slug when cross-site integration is enabled" time="0.002">
    </testcase>
    <testcase classname="Product Model Data Privacy Methods toPublicJSON should exclude wholesaler information" name="Product Model Data Privacy Methods toPublicJSON should exclude wholesaler information" time="0.004">
    </testcase>
    <testcase classname="Product Model Data Privacy Methods findPublic should return products without wholesaler info" name="Product Model Data Privacy Methods findPublic should return products without wholesaler info" time="0.006">
    </testcase>
    <testcase classname="Product Model Data Privacy Methods getCrossSiteData should return only cross-site relevant fields" name="Product Model Data Privacy Methods getCrossSiteData should return only cross-site relevant fields" time="0.002">
    </testcase>
    <testcase classname="Product Model Validation should require all mandatory fields" name="Product Model Validation should require all mandatory fields" time="0.001">
    </testcase>
    <testcase classname="Product Model Validation should enforce unique slug" name="Product Model Validation should enforce unique slug" time="0.006">
    </testcase>
    <testcase classname="Product Model Validation should validate category enum" name="Product Model Validation should validate category enum" time="0.001">
    </testcase>
    <testcase classname="Product Model Indexes should have proper indexes for performance" name="Product Model Indexes should have proper indexes for performance" time="0.001">
    </testcase>
  </testsuite>
</testsuites>